# JRE version: Java(TM) SE Runtime Environment (8.0_74-b02) (build 1.8.0_74-b02)
# Java VM: Java HotSpot(TM) 64-Bit Server VM (25.74-b02 mixed mode windows-amd64 compressed oops)
Heap:
 PSYoungGen      total 22016K, used 15529K [0x00000000eab00000, 0x00000000ec680000, 0x0000000100000000)
  eden space 15872K, 90% used [0x00000000eab00000,0x00000000eb9197e8,0x00000000eba80000)
  from space 6144K, 17% used [0x00000000eba80000,0x00000000ebb90f78,0x00000000ec080000)
  to   space 6144K, 0% used [0x00000000ec080000,0x00000000ec080000,0x00000000ec680000)
 ParOldGen       total 28672K, used 15328K [0x00000000c0000000, 0x00000000c1c00000, 0x00000000eab00000)
  object space 28672K, 53% used [0x00000000c0000000,0x00000000c0ef80b0,0x00000000c1c00000)
 Metaspace       used 33317K, capacity 33920K, committed 34176K, reserved 1079296K
  class space    used 4566K, capacity 4723K, committed 4736K, reserved 1048576K
GC Heap History (10 events):
Event: 57.870 GC heap before
{Heap before GC invocations=18 (full 1):
 PSYoungGen      total 23040K, used 16448K [0x00000000eab00000, 0x00000000ec880000, 0x0000000100000000)
  eden space 15872K, 100% used [0x00000000eab00000,0x00000000eba80000,0x00000000eba80000)
  from space 7168K, 8% used [0x00000000ec180000,0x00000000ec210000,0x00000000ec880000)
  to   space 7168K, 0% used [0x00000000eba80000,0x00000000eba80000,0x00000000ec180000)
 ParOldGen       total 28672K, used 12676K [0x00000000c0000000, 0x00000000c1c00000, 0x00000000eab00000)
  object space 28672K, 44% used [0x00000000c0000000,0x00000000c0c61070,0x00000000c1c00000)
 Metaspace       used 27901K, capacity 28324K, committed 28672K, reserved 1073152K
  class space    used 3864K, capacity 3990K, committed 4096K, reserved 1048576K
Event: 57.872 GC heap after
Heap after GC invocations=18 (full 1):
 PSYoungGen      total 23040K, used 384K [0x00000000eab00000, 0x00000000ec880000, 0x0000000100000000)
  eden space 15872K, 0% used [0x00000000eab00000,0x00000000eab00000,0x00000000eba80000)
  from space 7168K, 5% used [0x00000000eba80000,0x00000000ebae0000,0x00000000ec180000)
  to   space 7168K, 0% used [0x00000000ec180000,0x00000000ec180000,0x00000000ec880000)
 ParOldGen       total 28672K, used 12836K [0x00000000c0000000, 0x00000000c1c00000, 0x00000000eab00000)
  object space 28672K, 44% used [0x00000000c0000000,0x00000000c0c89070,0x00000000c1c00000)
 Metaspace       used 27901K, capacity 28324K, committed 28672K, reserved 1073152K
  class space    used 3864K, capacity 3990K, committed 4096K, reserved 1048576K
}
Event: 66.153 GC heap before
{Heap before GC invocations=19 (full 1):
 PSYoungGen      total 23040K, used 16256K [0x00000000eab00000, 0x00000000ec880000, 0x0000000100000000)
  eden space 15872K, 100% used [0x00000000eab00000,0x00000000eba80000,0x00000000eba80000)
  from space 7168K, 5% used [0x00000000eba80000,0x00000000ebae0000,0x00000000ec180000)
  to   space 7168K, 0% used [0x00000000ec180000,0x00000000ec180000,0x00000000ec880000)
 ParOldGen       total 28672K, used 12836K [0x00000000c0000000, 0x00000000c1c00000, 0x00000000eab00000)
  object space 28672K, 44% used [0x00000000c0000000,0x00000000c0c89070,0x00000000c1c00000)
 Metaspace       used 29093K, capacity 29618K, committed 29824K, reserved 1075200K
  class space    used 4034K, capacity 4168K, committed 4224K, reserved 1048576K
Event: 66.161 GC heap after
Heap after GC invocations=19 (full 1):
 PSYoungGen      total 22016K, used 2252K [0x00000000eab00000, 0x00000000ec780000, 0x0000000100000000)
  eden space 15872K, 0% used [0x00000000eab00000,0x00000000eab00000,0x00000000eba80000)
  from space 6144K, 36% used [0x00000000ec180000,0x00000000ec3b3178,0x00000000ec780000)
  to   space 6656K, 0% used [0x00000000eba80000,0x00000000eba80000,0x00000000ec100000)
 ParOldGen       total 28672K, used 13008K [0x00000000c0000000, 0x00000000c1c00000, 0x00000000eab00000)
  object space 28672K, 45% used [0x00000000c0000000,0x00000000c0cb4080,0x00000000c1c00000)
 Metaspace       used 29093K, capacity 29618K, committed 29824K, reserved 1075200K
  class space    used 4034K, capacity 4168K, committed 4224K, reserved 1048576K
}
Event: 70.171 GC heap before
{Heap before GC invocations=20 (full 1):
 PSYoungGen      total 22016K, used 18124K [0x00000000eab00000, 0x00000000ec780000, 0x0000000100000000)
  eden space 15872K, 100% used [0x00000000eab00000,0x00000000eba80000,0x00000000eba80000)
  from space 6144K, 36% used [0x00000000ec180000,0x00000000ec3b3178,0x00000000ec780000)
  to   space 6656K, 0% used [0x00000000eba80000,0x00000000eba80000,0x00000000ec100000)
 ParOldGen       total 28672K, used 13008K [0x00000000c0000000, 0x00000000c1c00000, 0x00000000eab00000)
  object space 28672K, 45% used [0x00000000c0000000,0x00000000c0cb4080,0x00000000c1c00000)
 Metaspace       used 30627K, capacity 31122K, committed 31360K, reserved 1077248K
  class space    used 4250K, capacity 4392K, committed 4480K, reserved 1048576K
Event: 70.177 GC heap after
Heap after GC invocations=20 (full 1):
 PSYoungGen      total 22528K, used 1769K [0x00000000eab00000, 0x00000000ec780000, 0x0000000100000000)
  eden space 15872K, 0% used [0x00000000eab00000,0x00000000eab00000,0x00000000eba80000)
  from space 6656K, 26% used [0x00000000eba80000,0x00000000ebc3a4b8,0x00000000ec100000)
  to   space 6656K, 0% used [0x00000000ec100000,0x00000000ec100000,0x00000000ec780000)
 ParOldGen       total 28672K, used 14136K [0x00000000c0000000, 0x00000000c1c00000, 0x00000000eab00000)
  object space 28672K, 49% used [0x00000000c0000000,0x00000000c0dce0b0,0x00000000c1c00000)
 Metaspace       used 30627K, capacity 31122K, committed 31360K, reserved 1077248K
  class space    used 4250K, capacity 4392K, committed 4480K, reserved 1048576K
}
Event: 71.416 GC heap before
{Heap before GC invocations=21 (full 1):
 PSYoungGen      total 22528K, used 17641K [0x00000000eab00000, 0x00000000ec780000, 0x0000000100000000)
  eden space 15872K, 100% used [0x00000000eab00000,0x00000000eba80000,0x00000000eba80000)
  from space 6656K, 26% used [0x00000000eba80000,0x00000000ebc3a4b8,0x00000000ec100000)
  to   space 6656K, 0% used [0x00000000ec100000,0x00000000ec100000,0x00000000ec780000)
 ParOldGen       total 28672K, used 14136K [0x00000000c0000000, 0x00000000c1c00000, 0x00000000eab00000)
  object space 28672K, 49% used [0x00000000c0000000,0x00000000c0dce0b0,0x00000000c1c00000)
 Metaspace       used 31052K, capacity 31606K, committed 31872K, reserved 1077248K
  class space    used 4275K, capacity 4428K, committed 4480K, reserved 1048576K
Event: 71.432 GC heap after
Heap after GC invocations=21 (full 1):
 PSYoungGen      total 21504K, used 990K [0x00000000eab00000, 0x00000000ec680000, 0x0000000100000000)
  eden space 15872K, 0% used [0x00000000eab00000,0x00000000eab00000,0x00000000eba80000)
  from space 5632K, 17% used [0x00000000ec100000,0x00000000ec1f7848,0x00000000ec680000)
  to   space 6144K, 0% used [0x00000000eba80000,0x00000000eba80000,0x00000000ec080000)
 ParOldGen       total 28672K, used 14600K [0x00000000c0000000, 0x00000000c1c00000, 0x00000000eab00000)
  object space 28672K, 50% used [0x00000000c0000000,0x00000000c0e420b0,0x00000000c1c00000)
 Metaspace       used 31052K, capacity 31606K, committed 31872K, reserved 1077248K
  class space    used 4275K, capacity 4428K, committed 4480K, reserved 1048576K
}
Event: 73.356 GC heap before
{Heap before GC invocations=22 (full 1):
 PSYoungGen      total 21504K, used 16862K [0x00000000eab00000, 0x00000000ec680000, 0x0000000100000000)
  eden space 15872K, 100% used [0x00000000eab00000,0x00000000eba80000,0x00000000eba80000)
  from space 5632K, 17% used [0x00000000ec100000,0x00000000ec1f7848,0x00000000ec680000)
  to   space 6144K, 0% used [0x00000000eba80000,0x00000000eba80000,0x00000000ec080000)
 ParOldGen       total 28672K, used 14600K [0x00000000c0000000, 0x00000000c1c00000, 0x00000000eab00000)
  object space 28672K, 50% used [0x00000000c0000000,0x00000000c0e420b0,0x00000000c1c00000)
 Metaspace       used 31489K, capacity 32054K, committed 32256K, reserved 1077248K
  class space    used 4348K, capacity 4492K, committed 4608K, reserved 1048576K
Event: 73.364 GC heap after
Heap after GC invocations=22 (full 1):
 PSYoungGen      total 22016K, used 1091K [0x00000000eab00000, 0x00000000ec680000, 0x0000000100000000)
  eden space 15872K, 0% used [0x00000000eab00000,0x00000000eab00000,0x00000000eba80000)
  from space 6144K, 17% used [0x00000000eba80000,0x00000000ebb90f78,0x00000000ec080000)
  to   space 6144K, 0% used [0x00000000ec080000,0x00000000ec080000,0x00000000ec680000)
 ParOldGen       total 28672K, used 15328K [0x00000000c0000000, 0x00000000c1c00000, 0x00000000eab00000)
  object space 28672K, 53% used [0x00000000c0000000,0x00000000c0ef80b0,0x00000000c1c00000)
 Metaspace       used 31489K, capacity 32054K, committed 32256K, reserved 1077248K
  class space    used 4348K, capacity 4492K, committed 4608K, reserved 1048576K
}

