# JRE version: Java(TM) SE Runtime Environment (8.0_74-b02) (build 1.8.0_74-b02)
# Java VM: Java HotSpot(TM) 64-Bit Server VM (25.74-b02 mixed mode windows-amd64 compressed oops)
Heap:
 PSYoungGen      total 168960K, used 52213K [0x00000000eab00000, 0x0000000100000000, 0x0000000100000000)
  eden space 116736K, 0% used [0x00000000eab00000,0x00000000eab00000,0x00000000f1d00000)
  from space 52224K, 99% used [0x00000000fcd00000,0x00000000ffffd6f8,0x0000000100000000)
  to   space 116224K, 0% used [0x00000000f1d00000,0x00000000f1d00000,0x00000000f8e80000)
 ParOldGen       total 349696K, used 324506K [0x00000000c0000000, 0x00000000d5580000, 0x00000000eab00000)
  object space 349696K, 92% used [0x00000000c0000000,0x00000000d3ce6bc0,0x00000000d5580000)
 Metaspace       used 6513K, capacity 7320K, committed 7680K, reserved 1056768K
  class space    used 620K, capacity 656K, committed 768K, reserved 1048576K
GC Heap History (10 events):
Event: 47.306 GC heap before
{Heap before GC invocations=15 (full 2):
 PSYoungGen      total 238080K, used 235682K [0x00000000eab00000, 0x00000000fd080000, 0x0000000100000000)
  eden space 207360K, 100% used [0x00000000eab00000,0x00000000f7580000,0x00000000f7580000)
  from space 30720K, 92% used [0x00000000f9700000,0x00000000fb2a8a98,0x00000000fb500000)
  to   space 34304K, 0% used [0x00000000f7580000,0x00000000f7580000,0x00000000f9700000)
 ParOldGen       total 128512K, used 92002K [0x00000000c0000000, 0x00000000c7d80000, 0x00000000eab00000)
  object space 128512K, 71% used [0x00000000c0000000,0x00000000c59d8850,0x00000000c7d80000)
 Metaspace       used 6489K, capacity 7256K, committed 7424K, reserved 1056768K
  class space    used 619K, capacity 656K, committed 768K, reserved 1048576K
Event: 47.502 GC heap after
Heap after GC invocations=15 (full 2):
 PSYoungGen      total 241664K, used 34276K [0x00000000eab00000, 0x0000000100000000, 0x0000000100000000)
  eden space 207360K, 0% used [0x00000000eab00000,0x00000000eab00000,0x00000000f7580000)
  from space 34304K, 99% used [0x00000000f7580000,0x00000000f96f9088,0x00000000f9700000)
  to   space 49152K, 0% used [0x00000000fd000000,0x00000000fd000000,0x0000000100000000)
 ParOldGen       total 128512K, used 118176K [0x00000000c0000000, 0x00000000c7d80000, 0x00000000eab00000)
  object space 128512K, 91% used [0x00000000c0000000,0x00000000c73682c0,0x00000000c7d80000)
 Metaspace       used 6489K, capacity 7256K, committed 7424K, reserved 1056768K
  class space    used 619K, capacity 656K, committed 768K, reserved 1048576K
}
Event: 47.502 GC heap before
{Heap before GC invocations=16 (full 3):
 PSYoungGen      total 241664K, used 34276K [0x00000000eab00000, 0x0000000100000000, 0x0000000100000000)
  eden space 207360K, 0% used [0x00000000eab00000,0x00000000eab00000,0x00000000f7580000)
  from space 34304K, 99% used [0x00000000f7580000,0x00000000f96f9088,0x00000000f9700000)
  to   space 49152K, 0% used [0x00000000fd000000,0x00000000fd000000,0x0000000100000000)
 ParOldGen       total 128512K, used 118176K [0x00000000c0000000, 0x00000000c7d80000, 0x00000000eab00000)
  object space 128512K, 91% used [0x00000000c0000000,0x00000000c73682c0,0x00000000c7d80000)
 Metaspace       used 6489K, capacity 7256K, committed 7424K, reserved 1056768K
  class space    used 619K, capacity 656K, committed 768K, reserved 1048576K
Event: 49.382 GC heap after
Heap after GC invocations=16 (full 3):
 PSYoungGen      total 241664K, used 22903K [0x00000000eab00000, 0x0000000100000000, 0x0000000100000000)
  eden space 207360K, 0% used [0x00000000eab00000,0x00000000eab00000,0x00000000f7580000)
  from space 34304K, 66% used [0x00000000f7580000,0x00000000f8bddc08,0x00000000f9700000)
  to   space 49152K, 0% used [0x00000000fd000000,0x00000000fd000000,0x0000000100000000)
 ParOldGen       total 202240K, used 128301K [0x00000000c0000000, 0x00000000cc580000, 0x00000000eab00000)
  object space 202240K, 63% used [0x00000000c0000000,0x00000000c7d4b4b8,0x00000000cc580000)
 Metaspace       used 6489K, capacity 7256K, committed 7424K, reserved 1056768K
  class space    used 619K, capacity 656K, committed 768K, reserved 1048576K
}
Event: 54.023 GC heap before
{Heap before GC invocations=17 (full 3):
 PSYoungGen      total 241664K, used 230263K [0x00000000eab00000, 0x0000000100000000, 0x0000000100000000)
  eden space 207360K, 100% used [0x00000000eab00000,0x00000000f7580000,0x00000000f7580000)
  from space 34304K, 66% used [0x00000000f7580000,0x00000000f8bddc08,0x00000000f9700000)
  to   space 49152K, 0% used [0x00000000fd000000,0x00000000fd000000,0x0000000100000000)
 ParOldGen       total 202240K, used 128301K [0x00000000c0000000, 0x00000000cc580000, 0x00000000eab00000)
  object space 202240K, 63% used [0x00000000c0000000,0x00000000c7d4b4b8,0x00000000cc580000)
 Metaspace       used 6497K, capacity 7256K, committed 7424K, reserved 1056768K
  class space    used 619K, capacity 656K, committed 768K, reserved 1048576K
Event: 54.241 GC heap after
Heap after GC invocations=17 (full 3):
 PSYoungGen      total 293888K, used 35649K [0x00000000eab00000, 0x0000000100000000, 0x0000000100000000)
  eden space 244736K, 0% used [0x00000000eab00000,0x00000000eab00000,0x00000000f9a00000)
  from space 49152K, 72% used [0x00000000fd000000,0x00000000ff2d05a8,0x0000000100000000)
  to   space 52224K, 0% used [0x00000000f9a00000,0x00000000f9a00000,0x00000000fcd00000)
 ParOldGen       total 202240K, used 151429K [0x00000000c0000000, 0x00000000cc580000, 0x00000000eab00000)
  object space 202240K, 74% used [0x00000000c0000000,0x00000000c93e14d0,0x00000000cc580000)
 Metaspace       used 6497K, capacity 7256K, committed 7424K, reserved 1056768K
  class space    used 619K, capacity 656K, committed 768K, reserved 1048576K
}
Event: 68.642 GC heap before
{Heap before GC invocations=18 (full 3):
 PSYoungGen      total 293888K, used 280385K [0x00000000eab00000, 0x0000000100000000, 0x0000000100000000)
  eden space 244736K, 100% used [0x00000000eab00000,0x00000000f9a00000,0x00000000f9a00000)
  from space 49152K, 72% used [0x00000000fd000000,0x00000000ff2d05a8,0x0000000100000000)
  to   space 52224K, 0% used [0x00000000f9a00000,0x00000000f9a00000,0x00000000fcd00000)
 ParOldGen       total 202240K, used 151429K [0x00000000c0000000, 0x00000000cc580000, 0x00000000eab00000)
  object space 202240K, 74% used [0x00000000c0000000,0x00000000c93e14d0,0x00000000cc580000)
 Metaspace       used 6503K, capacity 7256K, committed 7424K, reserved 1056768K
  class space    used 619K, capacity 656K, committed 768K, reserved 1048576K
Event: 69.084 GC heap after
Heap after GC invocations=18 (full 3):
 PSYoungGen      total 296960K, used 52220K [0x00000000eab00000, 0x0000000100000000, 0x0000000100000000)
  eden space 244736K, 0% used [0x00000000eab00000,0x00000000eab00000,0x00000000f9a00000)
  from space 52224K, 99% used [0x00000000f9a00000,0x00000000fccff258,0x00000000fcd00000)
  to   space 52224K, 0% used [0x00000000fcd00000,0x00000000fcd00000,0x0000000100000000)
 ParOldGen       total 226816K, used 226560K [0x00000000c0000000, 0x00000000cdd80000, 0x00000000eab00000)
  object space 226816K, 99% used [0x00000000c0000000,0x00000000cdd40268,0x00000000cdd80000)
 Metaspace       used 6503K, capacity 7256K, committed 7424K, reserved 1056768K
  class space    used 619K, capacity 656K, committed 768K, reserved 1048576K
}
Event: 69.084 GC heap before
{Heap before GC invocations=19 (full 4):
 PSYoungGen      total 296960K, used 52220K [0x00000000eab00000, 0x0000000100000000, 0x0000000100000000)
  eden space 244736K, 0% used [0x00000000eab00000,0x00000000eab00000,0x00000000f9a00000)
  from space 52224K, 99% used [0x00000000f9a00000,0x00000000fccff258,0x00000000fcd00000)
  to   space 52224K, 0% used [0x00000000fcd00000,0x00000000fcd00000,0x0000000100000000)
 ParOldGen       total 226816K, used 226560K [0x00000000c0000000, 0x00000000cdd80000, 0x00000000eab00000)
  object space 226816K, 99% used [0x00000000c0000000,0x00000000cdd40268,0x00000000cdd80000)
 Metaspace       used 6503K, capacity 7256K, committed 7424K, reserved 1056768K
  class space    used 619K, capacity 656K, committed 768K, reserved 1048576K
Event: 74.725 GC heap after
Heap after GC invocations=19 (full 4):
 PSYoungGen      total 296960K, used 45911K [0x00000000eab00000, 0x0000000100000000, 0x0000000100000000)
  eden space 244736K, 0% used [0x00000000eab00000,0x00000000eab00000,0x00000000f9a00000)
  from space 52224K, 87% used [0x00000000f9a00000,0x00000000fc6d5fe8,0x00000000fcd00000)
  to   space 52224K, 0% used [0x00000000fcd00000,0x00000000fcd00000,0x0000000100000000)
 ParOldGen       total 349696K, used 226564K [0x00000000c0000000, 0x00000000d5580000, 0x00000000eab00000)
  object space 349696K, 64% used [0x00000000c0000000,0x00000000cdd413f0,0x00000000d5580000)
 Metaspace       used 6503K, capacity 7256K, committed 7424K, reserved 1056768K
  class space    used 619K, capacity 656K, committed 768K, reserved 1048576K
}

