# JRE version: Java(TM) SE Runtime Environment (8.0_74-b02) (build 1.8.0_74-b02)
# Java VM: Java HotSpot(TM) 64-Bit Server VM (25.74-b02 mixed mode windows-amd64 compressed oops)
Heap:
 PSYoungGen      total 228864K, used 157782K [0x00000000eab00000, 0x00000000fd780000, 0x0000000100000000)
  eden space 178176K, 88% used [0x00000000eab00000,0x00000000f45158b8,0x00000000f5900000)
  from space 50688K, 0% used [0x00000000f5900000,0x00000000f5900000,0x00000000f8a80000)
  to   space 50176K, 0% used [0x00000000fa680000,0x00000000fa680000,0x00000000fd780000)
 ParOldGen       total 237056K, used 143683K [0x00000000c0000000, 0x00000000ce780000, 0x00000000eab00000)
  object space 237056K, 60% used [0x00000000c0000000,0x00000000c8c50c20,0x00000000ce780000)
 Metaspace       used 6492K, capacity 7256K, committed 7424K, reserved 1056768K
  class space    used 618K, capacity 656K, committed 768K, reserved 1048576K
GC Heap History (10 events):
Event: 11.626 GC heap before
{Heap before GC invocations=12 (full 1):
 PSYoungGen      total 171520K, used 171013K [0x00000000eab00000, 0x00000000f9700000, 0x0000000100000000)
  eden space 149504K, 100% used [0x00000000eab00000,0x00000000f3d00000,0x00000000f3d00000)
  from space 22016K, 97% used [0x00000000f8180000,0x00000000f9681770,0x00000000f9700000)
  to   space 27648K, 0% used [0x00000000f6100000,0x00000000f6100000,0x00000000f7c00000)
 ParOldGen       total 79360K, used 48475K [0x00000000c0000000, 0x00000000c4d80000, 0x00000000eab00000)
  object space 79360K, 61% used [0x00000000c0000000,0x00000000c2f56fb0,0x00000000c4d80000)
 Metaspace       used 6474K, capacity 7256K, committed 7424K, reserved 1056768K
  class space    used 617K, capacity 656K, committed 768K, reserved 1048576K
Event: 11.854 GC heap after
Heap after GC invocations=12 (full 1):
 PSYoungGen      total 214016K, used 27634K [0x00000000eab00000, 0x00000000faf80000, 0x0000000100000000)
  eden space 186368K, 0% used [0x00000000eab00000,0x00000000eab00000,0x00000000f6100000)
  from space 27648K, 99% used [0x00000000f6100000,0x00000000f7bfcbc0,0x00000000f7c00000)
  to   space 37888K, 0% used [0x00000000f8a80000,0x00000000f8a80000,0x00000000faf80000)
 ParOldGen       total 79360K, used 64659K [0x00000000c0000000, 0x00000000c4d80000, 0x00000000eab00000)
  object space 79360K, 81% used [0x00000000c0000000,0x00000000c3f24fb0,0x00000000c4d80000)
 Metaspace       used 6474K, capacity 7256K, committed 7424K, reserved 1056768K
  class space    used 617K, capacity 656K, committed 768K, reserved 1048576K
}
Event: 13.580 GC heap before
{Heap before GC invocations=13 (full 1):
 PSYoungGen      total 214016K, used 214002K [0x00000000eab00000, 0x00000000faf80000, 0x0000000100000000)
  eden space 186368K, 100% used [0x00000000eab00000,0x00000000f6100000,0x00000000f6100000)
  from space 27648K, 99% used [0x00000000f6100000,0x00000000f7bfcbc0,0x00000000f7c00000)
  to   space 37888K, 0% used [0x00000000f8a80000,0x00000000f8a80000,0x00000000faf80000)
 ParOldGen       total 79360K, used 64659K [0x00000000c0000000, 0x00000000c4d80000, 0x00000000eab00000)
  object space 79360K, 81% used [0x00000000c0000000,0x00000000c3f24fb0,0x00000000c4d80000)
 Metaspace       used 6486K, capacity 7256K, committed 7424K, reserved 1056768K
  class space    used 617K, capacity 656K, committed 768K, reserved 1048576K
Event: 13.902 GC heap after
Heap after GC invocations=13 (full 1):
 PSYoungGen      total 216064K, used 37869K [0x00000000eab00000, 0x00000000ffe00000, 0x0000000100000000)
  eden space 178176K, 0% used [0x00000000eab00000,0x00000000eab00000,0x00000000f5900000)
  from space 37888K, 99% used [0x00000000f8a80000,0x00000000faf7b480,0x00000000faf80000)
  to   space 50688K, 0% used [0x00000000f5900000,0x00000000f5900000,0x00000000f8a80000)
 ParOldGen       total 83456K, used 83119K [0x00000000c0000000, 0x00000000c5180000, 0x00000000eab00000)
  object space 83456K, 99% used [0x00000000c0000000,0x00000000c512be88,0x00000000c5180000)
 Metaspace       used 6486K, capacity 7256K, committed 7424K, reserved 1056768K
  class space    used 617K, capacity 656K, committed 768K, reserved 1048576K
}
Event: 13.902 GC heap before
{Heap before GC invocations=14 (full 2):
 PSYoungGen      total 216064K, used 37869K [0x00000000eab00000, 0x00000000ffe00000, 0x0000000100000000)
  eden space 178176K, 0% used [0x00000000eab00000,0x00000000eab00000,0x00000000f5900000)
  from space 37888K, 99% used [0x00000000f8a80000,0x00000000faf7b480,0x00000000faf80000)
  to   space 50688K, 0% used [0x00000000f5900000,0x00000000f5900000,0x00000000f8a80000)
 ParOldGen       total 83456K, used 83119K [0x00000000c0000000, 0x00000000c5180000, 0x00000000eab00000)
  object space 83456K, 99% used [0x00000000c0000000,0x00000000c512be88,0x00000000c5180000)
 Metaspace       used 6486K, capacity 7256K, committed 7424K, reserved 1056768K
  class space    used 617K, capacity 656K, committed 768K, reserved 1048576K
Event: 17.006 GC heap after
Heap after GC invocations=14 (full 2):
 PSYoungGen      total 216064K, used 35703K [0x00000000eab00000, 0x00000000ffe00000, 0x0000000100000000)
  eden space 178176K, 0% used [0x00000000eab00000,0x00000000eab00000,0x00000000f5900000)
  from space 37888K, 94% used [0x00000000f8a80000,0x00000000fad5dd80,0x00000000faf80000)
  to   space 50688K, 0% used [0x00000000f5900000,0x00000000f5900000,0x00000000f8a80000)
 ParOldGen       total 145920K, used 83124K [0x00000000c0000000, 0x00000000c8e80000, 0x00000000eab00000)
  object space 145920K, 56% used [0x00000000c0000000,0x00000000c512d320,0x00000000c8e80000)
 Metaspace       used 6486K, capacity 7256K, committed 7424K, reserved 1056768K
  class space    used 617K, capacity 656K, committed 768K, reserved 1048576K
}
Event: 18.718 GC heap before
{Heap before GC invocations=15 (full 2):
 PSYoungGen      total 216064K, used 213879K [0x00000000eab00000, 0x00000000ffe00000, 0x0000000100000000)
  eden space 178176K, 100% used [0x00000000eab00000,0x00000000f5900000,0x00000000f5900000)
  from space 37888K, 94% used [0x00000000f8a80000,0x00000000fad5dd80,0x00000000faf80000)
  to   space 50688K, 0% used [0x00000000f5900000,0x00000000f5900000,0x00000000f8a80000)
 ParOldGen       total 145920K, used 83124K [0x00000000c0000000, 0x00000000c8e80000, 0x00000000eab00000)
  object space 145920K, 56% used [0x00000000c0000000,0x00000000c512d320,0x00000000c8e80000)
 Metaspace       used 6489K, capacity 7256K, committed 7424K, reserved 1056768K
  class space    used 617K, capacity 656K, committed 768K, reserved 1048576K
Event: 19.079 GC heap after
Heap after GC invocations=15 (full 2):
 PSYoungGen      total 228864K, used 26841K [0x00000000eab00000, 0x00000000fd780000, 0x0000000100000000)
  eden space 178176K, 0% used [0x00000000eab00000,0x00000000eab00000,0x00000000f5900000)
  from space 50688K, 52% used [0x00000000f5900000,0x00000000f73364f0,0x00000000f8a80000)
  to   space 50176K, 0% used [0x00000000fa680000,0x00000000fa680000,0x00000000fd780000)
 ParOldGen       total 145920K, used 119135K [0x00000000c0000000, 0x00000000c8e80000, 0x00000000eab00000)
  object space 145920K, 81% used [0x00000000c0000000,0x00000000c7457df0,0x00000000c8e80000)
 Metaspace       used 6489K, capacity 7256K, committed 7424K, reserved 1056768K
  class space    used 617K, capacity 656K, committed 768K, reserved 1048576K
}
Event: 19.079 GC heap before
{Heap before GC invocations=16 (full 3):
 PSYoungGen      total 228864K, used 26841K [0x00000000eab00000, 0x00000000fd780000, 0x0000000100000000)
  eden space 178176K, 0% used [0x00000000eab00000,0x00000000eab00000,0x00000000f5900000)
  from space 50688K, 52% used [0x00000000f5900000,0x00000000f73364f0,0x00000000f8a80000)
  to   space 50176K, 0% used [0x00000000fa680000,0x00000000fa680000,0x00000000fd780000)
 ParOldGen       total 145920K, used 119135K [0x00000000c0000000, 0x00000000c8e80000, 0x00000000eab00000)
  object space 145920K, 81% used [0x00000000c0000000,0x00000000c7457df0,0x00000000c8e80000)
 Metaspace       used 6489K, capacity 7256K, committed 7424K, reserved 1056768K
  class space    used 617K, capacity 656K, committed 768K, reserved 1048576K
Event: 21.923 GC heap after
Heap after GC invocations=16 (full 3):
 PSYoungGen      total 228864K, used 0K [0x00000000eab00000, 0x00000000fd780000, 0x0000000100000000)
  eden space 178176K, 0% used [0x00000000eab00000,0x00000000eab00000,0x00000000f5900000)
  from space 50688K, 0% used [0x00000000f5900000,0x00000000f5900000,0x00000000f8a80000)
  to   space 50176K, 0% used [0x00000000fa680000,0x00000000fa680000,0x00000000fd780000)
 ParOldGen       total 237056K, used 143683K [0x00000000c0000000, 0x00000000ce780000, 0x00000000eab00000)
  object space 237056K, 60% used [0x00000000c0000000,0x00000000c8c50c20,0x00000000ce780000)
 Metaspace       used 6489K, capacity 7256K, committed 7424K, reserved 1056768K
  class space    used 617K, capacity 656K, committed 768K, reserved 1048576K
}

